2020.10.20 23:57:45 INFO  started: Metals version 0.9.4 in workspace '/home/hubert/environments/Django-Projects/drfelasticsearchdsl' for client vscode.
2020.10.20 23:57:51 INFO  time: initialize in 6.35s
2020.10.20 23:57:58 WARN  no build tool detected in workspace '/home/hubert/environments/Django-Projects/drfelasticsearchdsl'. The most common cause for this problem is that the editor was opened in the wrong working directory, for example if you use sbt then the workspace directory should contain build.sbt. 
2020.10.20 23:58:28 INFO  shutting down Metals
2020.10.24 10:15:40 INFO  started: Metals version 0.9.4 in workspace '/home/hubert/environments/Django-Projects/drfelasticsearchdsl' for client vscode.
java.util.concurrent.RejectedExecutionException: Task scala.concurrent.impl.CallbackRunnable@407fb6f rejected from java.util.concurrent.ThreadPoolExecutor@615b0467[Shutting down, pool size = 1, active threads = 1, queued tasks = 0, completed tasks = 1]
	at java.base/java.util.concurrent.ThreadPoolExecutor$AbortPolicy.rejectedExecution(ThreadPoolExecutor.java:2055)
	at java.base/java.util.concurrent.ThreadPoolExecutor.reject(ThreadPoolExecutor.java:825)
	at java.base/java.util.concurrent.ThreadPoolExecutor.execute(ThreadPoolExecutor.java:1355)
	at scala.concurrent.impl.ExecutionContextImpl$$anon$4.execute(ExecutionContextImpl.scala:138)
	at scala.concurrent.impl.CallbackRunnable.executeWithValue(Promise.scala:72)
	at scala.concurrent.impl.Promise$DefaultPromise.$anonfun$tryComplete$1(Promise.scala:288)
	at scala.concurrent.impl.Promise$DefaultPromise.$anonfun$tryComplete$1$adapted(Promise.scala:288)
	at scala.concurrent.impl.Promise$DefaultPromise.tryComplete(Promise.scala:288)
	at scala.concurrent.Promise.complete(Promise.scala:53)
	at scala.concurrent.Promise.complete$(Promise.scala:52)
	at scala.concurrent.impl.Promise$DefaultPromise.complete(Promise.scala:187)
	at scala.concurrent.impl.Promise.$anonfun$transform$1(Promise.scala:33)
	at scala.concurrent.impl.CallbackRunnable.run(Promise.scala:64)
	at java.base/java.util.concurrent.ThreadPoolExecutor.runWorker(ThreadPoolExecutor.java:1128)
	at java.base/java.util.concurrent.ThreadPoolExecutor$Worker.run(ThreadPoolExecutor.java:628)
	at java.base/java.lang.Thread.run(Thread.java:834)
2020.11.08 09:23:31 INFO  started: Metals version 0.9.4 in workspace '/home/hubert/environments/Django-Projects/drfelasticsearchdsl' for client vscode.
2020.11.08 09:23:38 INFO  time: initialize in 7.3s
2020.11.08 09:24:02 WARN  no build tool detected in workspace '/home/hubert/environments/Django-Projects/drfelasticsearchdsl'. The most common cause for this problem is that the editor was opened in the wrong working directory, for example if you use sbt then the workspace directory should contain build.sbt. 
2020.11.08 09:42:57 INFO  shutting down Metals
2020.11.08 21:18:51 INFO  started: Metals version 0.9.4 in workspace '/home/hubert/environments/Django-Projects/drfelasticsearchdsl' for client vscode.
2020.11.08 21:18:53 INFO  time: initialize in 1.32s
2020.11.08 21:18:56 WARN  no build tool detected in workspace '/home/hubert/environments/Django-Projects/drfelasticsearchdsl'. The most common cause for this problem is that the editor was opened in the wrong working directory, for example if you use sbt then the workspace directory should contain build.sbt. 
2020.11.08 22:10:44 INFO  started: Metals version 0.9.4 in workspace '/home/hubert/environments/Django-Projects/drfelasticsearchdsl' for client vscode.
2020.11.08 22:11:07 INFO  time: initialize in 23s
2020.11.08 22:11:50 WARN  no build tool detected in workspace '/home/hubert/environments/Django-Projects/drfelasticsearchdsl'. The most common cause for this problem is that the editor was opened in the wrong working directory, for example if you use sbt then the workspace directory should contain build.sbt. 
2020.11.09 06:25:32 INFO  shutting down Metals
2020.12.31 06:35:42 INFO  Started: Metals version 0.9.8 in workspace '/home/hubert/environments/Django-Projects/drfelasticsearchdsl' for client vscode.
2020.12.31 06:35:50 INFO  time: initialize in 7.46s
2020.12.31 06:35:57 WARN  Build server is not auto-connectable.
2020.12.31 06:35:57 WARN  no build tool detected in workspace '/home/hubert/environments/Django-Projects/drfelasticsearchdsl'. The most common cause for this problem is that the editor was opened in the wrong working directory, for example if you use sbt then the workspace directory should contain build.sbt. 
2021.01.01 14:10:29 INFO  Started: Metals version 0.9.8 in workspace '/home/hubert/environments/Django-Projects/drfelasticsearchdsl' for client vscode.
2021.01.01 14:10:42 INFO  time: initialize in 13s
2021.01.01 14:11:17 WARN  Build server is not auto-connectable.
2021.01.01 14:11:17 WARN  no build tool detected in workspace '/home/hubert/environments/Django-Projects/drfelasticsearchdsl'. The most common cause for this problem is that the editor was opened in the wrong working directory, for example if you use sbt then the workspace directory should contain build.sbt. 
2021.01.01 14:54:34 INFO  shutting down Metals
2021.01.01 15:07:56 INFO  Started: Metals version 0.9.8 in workspace '/home/hubert/environments/Django-Projects/drfelasticsearchdsl' for client vscode.
2021.01.01 15:08:00 INFO  time: initialize in 4.11s
2021.01.01 15:08:06 WARN  Build server is not auto-connectable.
2021.01.01 15:08:06 WARN  no build tool detected in workspace '/home/hubert/environments/Django-Projects/drfelasticsearchdsl'. The most common cause for this problem is that the editor was opened in the wrong working directory, for example if you use sbt then the workspace directory should contain build.sbt. 
